Determining if the pthread_create exist failed with the following output:
Change Dir: /home/yikun/Workspaces/fast-dqn-caffe/CMakeFiles/CMakeTmp

Run Build Command:/usr/bin/make "cmTryCompileExec3505513254/fast"
/usr/bin/make -f CMakeFiles/cmTryCompileExec3505513254.dir/build.make CMakeFiles/cmTryCompileExec3505513254.dir/build
make[1]: Entering directory `/home/yikun/Workspaces/fast-dqn-caffe/CMakeFiles/CMakeTmp'
/usr/bin/cmake -E cmake_progress_report /home/yikun/Workspaces/fast-dqn-caffe/CMakeFiles/CMakeTmp/CMakeFiles 1
Building C object CMakeFiles/cmTryCompileExec3505513254.dir/CheckSymbolExists.c.o
/usr/bin/cc    -o CMakeFiles/cmTryCompileExec3505513254.dir/CheckSymbolExists.c.o   -c /home/yikun/Workspaces/fast-dqn-caffe/CMakeFiles/CMakeTmp/CheckSymbolExists.c
Linking C executable cmTryCompileExec3505513254
/usr/bin/cmake -E cmake_link_script CMakeFiles/cmTryCompileExec3505513254.dir/link.txt --verbose=1
/usr/bin/cc       CMakeFiles/cmTryCompileExec3505513254.dir/CheckSymbolExists.c.o  -o cmTryCompileExec3505513254 -rdynamic 
CMakeFiles/cmTryCompileExec3505513254.dir/CheckSymbolExists.c.o: In function `main':
CheckSymbolExists.c:(.text+0x16): undefined reference to `pthread_create'
collect2: error: ld returned 1 exit status
make[1]: Leaving directory `/home/yikun/Workspaces/fast-dqn-caffe/CMakeFiles/CMakeTmp'
make[1]: *** [cmTryCompileExec3505513254] Error 1
make: *** [cmTryCompileExec3505513254/fast] Error 2

File /home/yikun/Workspaces/fast-dqn-caffe/CMakeFiles/CMakeTmp/CheckSymbolExists.c:
/* */
#include <pthread.h>

int main(int argc, char** argv)
{
  (void)argv;
#ifndef pthread_create
  return ((int*)(&pthread_create))[argc];
#else
  (void)argc;
  return 0;
#endif
}

Determining if the function pthread_create exists in the pthreads failed with the following output:
Change Dir: /home/yikun/Workspaces/fast-dqn-caffe/CMakeFiles/CMakeTmp

Run Build Command:/usr/bin/make "cmTryCompileExec2232377630/fast"
/usr/bin/make -f CMakeFiles/cmTryCompileExec2232377630.dir/build.make CMakeFiles/cmTryCompileExec2232377630.dir/build
make[1]: Entering directory `/home/yikun/Workspaces/fast-dqn-caffe/CMakeFiles/CMakeTmp'
/usr/bin/cmake -E cmake_progress_report /home/yikun/Workspaces/fast-dqn-caffe/CMakeFiles/CMakeTmp/CMakeFiles 1
Building C object CMakeFiles/cmTryCompileExec2232377630.dir/CheckFunctionExists.c.o
/usr/bin/cc   -DCHECK_FUNCTION_EXISTS=pthread_create   -o CMakeFiles/cmTryCompileExec2232377630.dir/CheckFunctionExists.c.o   -c /usr/share/cmake-2.8/Modules/CheckFunctionExists.c
Linking C executable cmTryCompileExec2232377630
/usr/bin/cmake -E cmake_link_script CMakeFiles/cmTryCompileExec2232377630.dir/link.txt --verbose=1
/usr/bin/cc   -DCHECK_FUNCTION_EXISTS=pthread_create    CMakeFiles/cmTryCompileExec2232377630.dir/CheckFunctionExists.c.o  -o cmTryCompileExec2232377630 -rdynamic -lpthreads 
/usr/bin/ld: cannot find -lpthreads
collect2: error: ld returned 1 exit status
make[1]: Leaving directory `/home/yikun/Workspaces/fast-dqn-caffe/CMakeFiles/CMakeTmp'
make[1]: *** [cmTryCompileExec2232377630] Error 1
make: *** [cmTryCompileExec2232377630/fast] Error 2


Determining if the pthread_create exist failed with the following output:
Change Dir: /home/yx150/Documents/fast-dqn-caffe/CMakeFiles/CMakeTmp

Run Build Command:/usr/bin/make "cmTryCompileExec1767650434/fast"
/usr/bin/make -f CMakeFiles/cmTryCompileExec1767650434.dir/build.make CMakeFiles/cmTryCompileExec1767650434.dir/build
make[1]: Entering directory `/home/yx150/Documents/fast-dqn-caffe/CMakeFiles/CMakeTmp'
/usr/bin/cmake -E cmake_progress_report /home/yx150/Documents/fast-dqn-caffe/CMakeFiles/CMakeTmp/CMakeFiles 1
Building C object CMakeFiles/cmTryCompileExec1767650434.dir/CheckSymbolExists.c.o
/usr/bin/cc    -o CMakeFiles/cmTryCompileExec1767650434.dir/CheckSymbolExists.c.o   -c /home/yx150/Documents/fast-dqn-caffe/CMakeFiles/CMakeTmp/CheckSymbolExists.c
Linking C executable cmTryCompileExec1767650434
/usr/bin/cmake -E cmake_link_script CMakeFiles/cmTryCompileExec1767650434.dir/link.txt --verbose=1
/usr/bin/cc       CMakeFiles/cmTryCompileExec1767650434.dir/CheckSymbolExists.c.o  -o cmTryCompileExec1767650434 -rdynamic 
CMakeFiles/cmTryCompileExec1767650434.dir/CheckSymbolExists.c.o: In function `main':
CheckSymbolExists.c:(.text+0x16): undefined reference to `pthread_create'
collect2: error: ld returned 1 exit status
make[1]: *** [cmTryCompileExec1767650434] Error 1
make[1]: Leaving directory `/home/yx150/Documents/fast-dqn-caffe/CMakeFiles/CMakeTmp'
make: *** [cmTryCompileExec1767650434/fast] Error 2

File /home/yx150/Documents/fast-dqn-caffe/CMakeFiles/CMakeTmp/CheckSymbolExists.c:
/* */
#include <pthread.h>

int main(int argc, char** argv)
{
  (void)argv;
#ifndef pthread_create
  return ((int*)(&pthread_create))[argc];
#else
  (void)argc;
  return 0;
#endif
}

Determining if the function pthread_create exists in the pthreads failed with the following output:
Change Dir: /home/yx150/Documents/fast-dqn-caffe/CMakeFiles/CMakeTmp

Run Build Command:/usr/bin/make "cmTryCompileExec4080563135/fast"
/usr/bin/make -f CMakeFiles/cmTryCompileExec4080563135.dir/build.make CMakeFiles/cmTryCompileExec4080563135.dir/build
make[1]: Entering directory `/home/yx150/Documents/fast-dqn-caffe/CMakeFiles/CMakeTmp'
/usr/bin/cmake -E cmake_progress_report /home/yx150/Documents/fast-dqn-caffe/CMakeFiles/CMakeTmp/CMakeFiles 1
Building C object CMakeFiles/cmTryCompileExec4080563135.dir/CheckFunctionExists.c.o
/usr/bin/cc   -DCHECK_FUNCTION_EXISTS=pthread_create   -o CMakeFiles/cmTryCompileExec4080563135.dir/CheckFunctionExists.c.o   -c /usr/share/cmake-2.8/Modules/CheckFunctionExists.c
Linking C executable cmTryCompileExec4080563135
/usr/bin/cmake -E cmake_link_script CMakeFiles/cmTryCompileExec4080563135.dir/link.txt --verbose=1
/usr/bin/cc   -DCHECK_FUNCTION_EXISTS=pthread_create    CMakeFiles/cmTryCompileExec4080563135.dir/CheckFunctionExists.c.o  -o cmTryCompileExec4080563135 -rdynamic -lpthreads 
/usr/bin/ld: cannot find -lpthreads
collect2: error: ld returned 1 exit status
make[1]: *** [cmTryCompileExec4080563135] Error 1
make[1]: Leaving directory `/home/yx150/Documents/fast-dqn-caffe/CMakeFiles/CMakeTmp'
make: *** [cmTryCompileExec4080563135/fast] Error 2


